<?xml version="1.0" encoding="UTF-8" ?>
<testsuite tests="3" failures="1" name="TestSuite" time="25.078" errors="0" skipped="0">
  <properties>
[...]
</properties>
  <testcase classname="com.seleniumtests.test.webDriverTest" name="softAssertion" time="1.567">
    <failure message="java.lang.AssertionError: java.lang.AssertionError: " type="java.lang.AssertionError">java.lang.AssertionError: java.lang.AssertionError: java.lang.AssertionError: 
	at org.testng.Assert.fail(Assert.java:89)
	at com.seleniumtests.core.CustomVerification.checkForVerificationErrors(CustomVerification.java:60)
	at com.seleniumtests.test.webDriverTest.softAssertion(webDriverTest.java:76)
</failure>
  </testcase>
  <testcase classname="com.seleniumtests.test.webDriverTest" name="testRegistrationNew" time="3.277"/>
  <testcase classname="com.seleniumtests.test.webDriverTest" name="testRegistrationNew" time="4.592"/>
</testsuite>